Using pre-set license
Built from '2020.3/staging' branch; Version is '2020.3.26f1 (7298b473bc1a) revision 7510196'; Using compiler version '192528614'; Build Type 'Release'
OS: 'Windows 10  (10.0.19043) 64bit Core' Language: 'en' Physical Memory: 32440 MB
BatchMode: 1, IsHumanControllingUs: 0, StartBugReporterOnCrash: 0, Is64bit: 1, IsPro: 0

COMMAND LINE ARGUMENTS:
G:\Program Files (x86)\UnityEditor\2020.3.26f1\Editor\Unity.exe
-adb2
-batchMode
-noUpm
-name
AssetImportWorker0
-projectPath
G:/Unity/Monitoring
-logFile
Logs/AssetImportWorker0.log
-srvPort
51680
Successfully changed project path to: G:/Unity/Monitoring
G:/Unity/Monitoring
Using Asset Import Pipeline V2.
Refreshing native plugins compatible for Editor in 50.19 ms, found 2 plugins.
Preloading 0 native plugins for Editor in 0.00 ms.
Initialize engine version: 2020.3.26f1 (7298b473bc1a)
[Subsystems] Discovering subsystems at path G:/Program Files (x86)/UnityEditor/2020.3.26f1/Editor/Data/Resources/UnitySubsystems
[Subsystems] Discovering subsystems at path G:/Unity/Monitoring/Assets
GfxDevice: creating device client; threaded=0
Direct3D:
    Version:  Direct3D 11.0 [level 11.1]
    Renderer: NVIDIA GeForce GTX 1080 Ti (ID=0x1b06)
    Vendor:   
    VRAM:     11127 MB
    Driver:   30.0.14.9649
Initialize mono
Mono path[0] = 'G:/Program Files (x86)/UnityEditor/2020.3.26f1/Editor/Data/Managed'
Mono path[1] = 'G:/Program Files (x86)/UnityEditor/2020.3.26f1/Editor/Data/MonoBleedingEdge/lib/mono/unityjit'
Mono config path = 'G:/Program Files (x86)/UnityEditor/2020.3.26f1/Editor/Data/MonoBleedingEdge/etc'
Using monoOptions --debugger-agent=transport=dt_socket,embedding=1,server=y,suspend=n,address=127.0.0.1:56028
Begin MonoManager ReloadAssembly
Registering precompiled unity dll's ...
Register platform support module: G:/Program Files (x86)/UnityEditor/2020.3.26f1/Editor/Data/PlaybackEngines/WindowsStandaloneSupport/UnityEditor.WindowsStandalone.Extensions.dll
Registered in 0.001012 seconds.
Native extension for WindowsStandalone target not found
Refreshing native plugins compatible for Editor in 34.73 ms, found 2 plugins.
Preloading 0 native plugins for Editor in 0.00 ms.
Mono: successfully reloaded assembly
- Completed reload, in  0.762 seconds
Domain Reload Profiling:
	ReloadAssembly (762ms)
		BeginReloadAssembly (60ms)
			ExecutionOrderSort (0ms)
			DisableScriptedObjects (0ms)
			BackupInstance (0ms)
			ReleaseScriptingObjects (0ms)
			CreateAndSetChildDomain (1ms)
		EndReloadAssembly (403ms)
			LoadAssemblies (59ms)
			RebuildTransferFunctionScriptingTraits (0ms)
			SetupTypeCache (139ms)
			ReleaseScriptCaches (0ms)
			RebuildScriptCaches (29ms)
			SetupLoadedEditorAssemblies (148ms)
				LogAssemblyErrors (0ms)
				InitializePlatformSupportModulesInManaged (4ms)
				SetLoadedEditorAssemblies (0ms)
				RefreshPlugins (35ms)
				BeforeProcessingInitializeOnLoad (11ms)
				ProcessInitializeOnLoadAttributes (73ms)
				ProcessInitializeOnLoadMethodAttributes (24ms)
				AfterProcessingInitializeOnLoad (0ms)
				EditorAssembliesLoaded (0ms)
			ExecutionOrderSort2 (0ms)
			AwakeInstancesAfterBackupRestoration (0ms)
Platform modules already initialized, skipping
Registering precompiled user dll's ...
Registered in 0.002959 seconds.
ASSEMBLY OVERRIDES: * override found for Unity assembly UnityEngine.UIElementsModule.dll (override path Library/ScriptAssemblies/UnityEngine.UIElementsModule.dll)
ASSEMBLY OVERRIDES: * override found for Unity assembly UnityEditor.UIElementsModule.dll (override path Library/ScriptAssemblies/UnityEditor.UIElementsModule.dll)
Begin MonoManager ReloadAssembly
ASSEMBLY OVERRIDES: * override found for Unity assembly UnityEngine.UIElementsModule.dll (override path Library/ScriptAssemblies/UnityEngine.UIElementsModule.dll)
ASSEMBLY OVERRIDES: * override found for Unity assembly UnityEditor.UIElementsModule.dll (override path Library/ScriptAssemblies/UnityEditor.UIElementsModule.dll)
Symbol file LoadedFromMemory is not a mono symbol file
Native extension for WindowsStandalone target not found
Refreshing native plugins compatible for Editor in 33.80 ms, found 2 plugins.
Preloading 0 native plugins for Editor in 0.00 ms.
ASSEMBLY OVERRIDES: * override found for Unity assembly UnityEngine.UIElementsModule.dll (override path Library/ScriptAssemblies/UnityEngine.UIElementsModule.dll)
ASSEMBLY OVERRIDES: * override found for Unity assembly UnityEditor.UIElementsModule.dll (override path Library/ScriptAssemblies/UnityEditor.UIElementsModule.dll)
Adding [<color=#4babeb>MONITORING_DEBUG</color>] to Scripting Define Symbols
UnityEngine.StackTraceUtility:ExtractStackTrace ()
UnityEngine.DebugLogHandler:LogFormat (UnityEngine.LogType,UnityEngine.Object,string,object[])
UnityEngine.Logger:Log (UnityEngine.LogType,object)
UnityEngine.Debug:Log (object)
Baracuda.PreprocessorDefinitionFiles.Utilities.PreprocessorDefineUtilities:SetCustomDefinesOfActiveTargetGroup (System.Collections.Generic.IEnumerable`1<string>,System.Collections.Generic.IEnumerable`1<string>,System.Collections.Generic.IEnumerable`1<string>) (at Assets/Baracuda/PreprocessorDefinitionFiles/Scripts/Utilities/PreprocessorDefineUtilities.cs:277)
Baracuda.PreprocessorDefinitionFiles.PreprocessorSymbolDefinitionFile:ApplyPreprocessorDefines () (at Assets/Baracuda/PreprocessorDefinitionFiles/Scripts/PreprocessorSymbolDefinitionFile.cs:97)
Baracuda.PreprocessorDefinitionFiles.Utilities.PreprocessorDefineUtilities:ApplyAndUpdateAllDefinitionFiles () (at Assets/Baracuda/PreprocessorDefinitionFiles/Scripts/Utilities/PreprocessorDefineUtilities.cs:313)
Baracuda.PreprocessorDefinitionFiles.AssetProcessor.SymbolFileImportProcessor:Initialize () (at Assets/Baracuda/PreprocessorDefinitionFiles/Scripts/AssetProcessor/SymbolFileImportProcessor.cs:24)
System.Reflection.MonoMethod:Invoke (object,System.Reflection.BindingFlags,System.Reflection.Binder,object[],System.Globalization.CultureInfo)
System.Reflection.MethodBase:Invoke (object,object[])
UnityEditor.EditorAssemblies:ProcessInitializeOnLoadMethodAttributes ()

(Filename: Assets/Baracuda/PreprocessorDefinitionFiles/Scripts/Utilities/PreprocessorDefineUtilities.cs Line: 277)

Adding [<color=#4babeb>BARACUDA_MONITORING</color>] to Scripting Define Symbols
UnityEngine.StackTraceUtility:ExtractStackTrace ()
UnityEngine.DebugLogHandler:LogFormat (UnityEngine.LogType,UnityEngine.Object,string,object[])
UnityEngine.Logger:Log (UnityEngine.LogType,object)
UnityEngine.Debug:Log (object)
Baracuda.PreprocessorDefinitionFiles.Utilities.PreprocessorDefineUtilities:SetCustomDefinesOfActiveTargetGroup (System.Collections.Generic.IEnumerable`1<string>,System.Collections.Generic.IEnumerable`1<string>,System.Collections.Generic.IEnumerable`1<string>) (at Assets/Baracuda/PreprocessorDefinitionFiles/Scripts/Utilities/PreprocessorDefineUtilities.cs:277)
Baracuda.PreprocessorDefinitionFiles.PreprocessorSymbolDefinitionFile:ApplyPreprocessorDefines () (at Assets/Baracuda/PreprocessorDefinitionFiles/Scripts/PreprocessorSymbolDefinitionFile.cs:97)
Baracuda.PreprocessorDefinitionFiles.Utilities.PreprocessorDefineUtilities:ApplyAndUpdateAllDefinitionFiles () (at Assets/Baracuda/PreprocessorDefinitionFiles/Scripts/Utilities/PreprocessorDefineUtilities.cs:313)
Baracuda.PreprocessorDefinitionFiles.AssetProcessor.SymbolFileImportProcessor:Initialize () (at Assets/Baracuda/PreprocessorDefinitionFiles/Scripts/AssetProcessor/SymbolFileImportProcessor.cs:24)
System.Reflection.MonoMethod:Invoke (object,System.Reflection.BindingFlags,System.Reflection.Binder,object[],System.Globalization.CultureInfo)
System.Reflection.MethodBase:Invoke (object,object[])
UnityEditor.EditorAssemblies:ProcessInitializeOnLoadMethodAttributes ()

(Filename: Assets/Baracuda/PreprocessorDefinitionFiles/Scripts/Utilities/PreprocessorDefineUtilities.cs Line: 277)

[ScriptCompilation] NOT recompiling all scripts because this is an import worker process. Reason to compile was: Define symbols changed
Adding [<color=#4babeb>ENFORCETHREADSAFETY</color>] to Scripting Define Symbols
UnityEngine.StackTraceUtility:ExtractStackTrace ()
UnityEngine.DebugLogHandler:LogFormat (UnityEngine.LogType,UnityEngine.Object,string,object[])
UnityEngine.Logger:Log (UnityEngine.LogType,object)
UnityEngine.Debug:Log (object)
Baracuda.PreprocessorDefinitionFiles.Utilities.PreprocessorDefineUtilities:SetCustomDefinesOfActiveTargetGroup (System.Collections.Generic.IEnumerable`1<string>,System.Collections.Generic.IEnumerable`1<string>,System.Collections.Generic.IEnumerable`1<string>) (at Assets/Baracuda/PreprocessorDefinitionFiles/Scripts/Utilities/PreprocessorDefineUtilities.cs:277)
Baracuda.PreprocessorDefinitionFiles.PreprocessorSymbolDefinitionFile:ApplyPreprocessorDefines () (at Assets/Baracuda/PreprocessorDefinitionFiles/Scripts/PreprocessorSymbolDefinitionFile.cs:97)
Baracuda.PreprocessorDefinitionFiles.Utilities.PreprocessorDefineUtilities:ApplyAndUpdateAllDefinitionFiles () (at Assets/Baracuda/PreprocessorDefinitionFiles/Scripts/Utilities/PreprocessorDefineUtilities.cs:313)
Baracuda.PreprocessorDefinitionFiles.AssetProcessor.SymbolFileImportProcessor:Initialize () (at Assets/Baracuda/PreprocessorDefinitionFiles/Scripts/AssetProcessor/SymbolFileImportProcessor.cs:24)
System.Reflection.MonoMethod:Invoke (object,System.Reflection.BindingFlags,System.Reflection.Binder,object[],System.Globalization.CultureInfo)
System.Reflection.MethodBase:Invoke (object,object[])
UnityEditor.EditorAssemblies:ProcessInitializeOnLoadMethodAttributes ()

(Filename: Assets/Baracuda/PreprocessorDefinitionFiles/Scripts/Utilities/PreprocessorDefineUtilities.cs Line: 277)

Adding [<color=#4babeb>JETBRAINS_ANNOTATIONS</color>] to Scripting Define Symbols
UnityEngine.StackTraceUtility:ExtractStackTrace ()
UnityEngine.DebugLogHandler:LogFormat (UnityEngine.LogType,UnityEngine.Object,string,object[])
UnityEngine.Logger:Log (UnityEngine.LogType,object)
UnityEngine.Debug:Log (object)
Baracuda.PreprocessorDefinitionFiles.Utilities.PreprocessorDefineUtilities:SetCustomDefinesOfActiveTargetGroup (System.Collections.Generic.IEnumerable`1<string>,System.Collections.Generic.IEnumerable`1<string>,System.Collections.Generic.IEnumerable`1<string>) (at Assets/Baracuda/PreprocessorDefinitionFiles/Scripts/Utilities/PreprocessorDefineUtilities.cs:277)
Baracuda.PreprocessorDefinitionFiles.PreprocessorSymbolDefinitionFile:ApplyPreprocessorDefines () (at Assets/Baracuda/PreprocessorDefinitionFiles/Scripts/PreprocessorSymbolDefinitionFile.cs:97)
Baracuda.PreprocessorDefinitionFiles.Utilities.PreprocessorDefineUtilities:ApplyAndUpdateAllDefinitionFiles () (at Assets/Baracuda/PreprocessorDefinitionFiles/Scripts/Utilities/PreprocessorDefineUtilities.cs:313)
Baracuda.PreprocessorDefinitionFiles.AssetProcessor.SymbolFileImportProcessor:Initialize () (at Assets/Baracuda/PreprocessorDefinitionFiles/Scripts/AssetProcessor/SymbolFileImportProcessor.cs:24)
System.Reflection.MonoMethod:Invoke (object,System.Reflection.BindingFlags,System.Reflection.Binder,object[],System.Globalization.CultureInfo)
System.Reflection.MethodBase:Invoke (object,object[])
UnityEditor.EditorAssemblies:ProcessInitializeOnLoadMethodAttributes ()

(Filename: Assets/Baracuda/PreprocessorDefinitionFiles/Scripts/Utilities/PreprocessorDefineUtilities.cs Line: 277)

[ScriptCompilation] NOT recompiling all scripts because this is an import worker process. Reason to compile was: Define symbols changed
Adding [<color=#4babeb>PPSDF</color>] to Scripting Define Symbols
UnityEngine.StackTraceUtility:ExtractStackTrace ()
UnityEngine.DebugLogHandler:LogFormat (UnityEngine.LogType,UnityEngine.Object,string,object[])
UnityEngine.Logger:Log (UnityEngine.LogType,object)
UnityEngine.Debug:Log (object)
Baracuda.PreprocessorDefinitionFiles.Utilities.PreprocessorDefineUtilities:SetCustomDefinesOfActiveTargetGroup (System.Collections.Generic.IEnumerable`1<string>,System.Collections.Generic.IEnumerable`1<string>,System.Collections.Generic.IEnumerable`1<string>) (at Assets/Baracuda/PreprocessorDefinitionFiles/Scripts/Utilities/PreprocessorDefineUtilities.cs:277)
Baracuda.PreprocessorDefinitionFiles.PreprocessorSymbolDefinitionFile:ApplyPreprocessorDefines () (at Assets/Baracuda/PreprocessorDefinitionFiles/Scripts/PreprocessorSymbolDefinitionFile.cs:97)
Baracuda.PreprocessorDefinitionFiles.Utilities.PreprocessorDefineUtilities:ApplyAndUpdateAllDefinitionFiles () (at Assets/Baracuda/PreprocessorDefinitionFiles/Scripts/Utilities/PreprocessorDefineUtilities.cs:313)
Baracuda.PreprocessorDefinitionFiles.AssetProcessor.SymbolFileImportProcessor:Initialize () (at Assets/Baracuda/PreprocessorDefinitionFiles/Scripts/AssetProcessor/SymbolFileImportProcessor.cs:24)
System.Reflection.MonoMethod:Invoke (object,System.Reflection.BindingFlags,System.Reflection.Binder,object[],System.Globalization.CultureInfo)
System.Reflection.MethodBase:Invoke (object,object[])
UnityEditor.EditorAssemblies:ProcessInitializeOnLoadMethodAttributes ()

(Filename: Assets/Baracuda/PreprocessorDefinitionFiles/Scripts/Utilities/PreprocessorDefineUtilities.cs Line: 277)

[ScriptCompilation] NOT recompiling all scripts because this is an import worker process. Reason to compile was: Define symbols changed
Adding [<color=#4babeb>DISPATCHER_DEBUG</color>] to Scripting Define Symbols
UnityEngine.StackTraceUtility:ExtractStackTrace ()
UnityEngine.DebugLogHandler:LogFormat (UnityEngine.LogType,UnityEngine.Object,string,object[])
UnityEngine.Logger:Log (UnityEngine.LogType,object)
UnityEngine.Debug:Log (object)
Baracuda.PreprocessorDefinitionFiles.Utilities.PreprocessorDefineUtilities:SetCustomDefinesOfActiveTargetGroup (System.Collections.Generic.IEnumerable`1<string>,System.Collections.Generic.IEnumerable`1<string>,System.Collections.Generic.IEnumerable`1<string>) (at Assets/Baracuda/PreprocessorDefinitionFiles/Scripts/Utilities/PreprocessorDefineUtilities.cs:277)
Baracuda.PreprocessorDefinitionFiles.PreprocessorSymbolDefinitionFile:ApplyPreprocessorDefines () (at Assets/Baracuda/PreprocessorDefinitionFiles/Scripts/PreprocessorSymbolDefinitionFile.cs:97)
Baracuda.PreprocessorDefinitionFiles.Utilities.PreprocessorDefineUtilities:ApplyAndUpdateAllDefinitionFiles () (at Assets/Baracuda/PreprocessorDefinitionFiles/Scripts/Utilities/PreprocessorDefineUtilities.cs:313)
Baracuda.PreprocessorDefinitionFiles.AssetProcessor.SymbolFileImportProcessor:Initialize () (at Assets/Baracuda/PreprocessorDefinitionFiles/Scripts/AssetProcessor/SymbolFileImportProcessor.cs:24)
System.Reflection.MonoMethod:Invoke (object,System.Reflection.BindingFlags,System.Reflection.Binder,object[],System.Globalization.CultureInfo)
System.Reflection.MethodBase:Invoke (object,object[])
UnityEditor.EditorAssemblies:ProcessInitializeOnLoadMethodAttributes ()

(Filename: Assets/Baracuda/PreprocessorDefinitionFiles/Scripts/Utilities/PreprocessorDefineUtilities.cs Line: 277)

[ScriptCompilation] NOT recompiling all scripts because this is an import worker process. Reason to compile was: Define symbols changed
ASSEMBLY OVERRIDES: * override found for Unity assembly UnityEngine.UIElementsModule.dll (override path Library/ScriptAssemblies/UnityEngine.UIElementsModule.dll)
ASSEMBLY OVERRIDES: * override found for Unity assembly UnityEditor.UIElementsModule.dll (override path Library/ScriptAssemblies/UnityEditor.UIElementsModule.dll)
Mono: successfully reloaded assembly
- Completed reload, in  0.996 seconds
Domain Reload Profiling:
	ReloadAssembly (997ms)
		BeginReloadAssembly (119ms)
			ExecutionOrderSort (0ms)
			DisableScriptedObjects (4ms)
			BackupInstance (0ms)
			ReleaseScriptingObjects (0ms)
			CreateAndSetChildDomain (18ms)
		EndReloadAssembly (830ms)
			LoadAssemblies (69ms)
			RebuildTransferFunctionScriptingTraits (0ms)
			SetupTypeCache (247ms)
			ReleaseScriptCaches (1ms)
			RebuildScriptCaches (43ms)
			SetupLoadedEditorAssemblies (359ms)
				LogAssemblyErrors (0ms)
				InitializePlatformSupportModulesInManaged (3ms)
				SetLoadedEditorAssemblies (0ms)
				RefreshPlugins (34ms)
				BeforeProcessingInitializeOnLoad (63ms)
				ProcessInitializeOnLoadAttributes (179ms)
				ProcessInitializeOnLoadMethodAttributes (78ms)
				AfterProcessingInitializeOnLoad (2ms)
				EditorAssembliesLoaded (0ms)
			ExecutionOrderSort2 (0ms)
			AwakeInstancesAfterBackupRestoration (5ms)
Platform modules already initialized, skipping
========================================================================
Worker process is ready to serve import requests
Launched and connected shader compiler UnityShaderCompiler.exe after 0.06 seconds
Refreshing native plugins compatible for Editor in 0.49 ms, found 2 plugins.
Preloading 0 native plugins for Editor in 0.00 ms.
Unloading 2179 Unused Serialized files (Serialized files now loaded: 0)
System memory in use before: 92.8 MB.
System memory in use after: 92.8 MB.

Unloading 115 unused Assets to reduce memory usage. Loaded Objects now: 2515.
Total: 3.482600 ms (FindLiveObjects: 0.181000 ms CreateObjectMapping: 0.071000 ms MarkObjects: 2.752200 ms  DeleteObjects: 0.477500 ms)

AssetImportParameters requested are different than current active one (requested -> active):
  custom:framework-win-MediaFoundation: 216162199b28c13a410421893ffa2e32 -> 
  custom:video-decoder-ogg-theora: a1e56fd34408186e4bbccfd4996cb3dc -> 
  custom:container-muxer-webm: aa71ff27fc2769a1b78a27578f13a17b -> 
  custom:container-demuxer-webm: 4f35f7cbe854078d1ac9338744f61a02 -> 
  custom:container-demuxer-ogg: 62fdf1f143b41e24485cea50d1cbac27 -> 
  custom:video-encoder-webm-vp8: eb34c28f22e8b96e1ab97ce403110664 -> 
  custom:video-decoder-webm-vp8: 9c59270c3fd7afecdb556c50c9e8de78 -> 
  custom:audio-decoder-ogg-vorbis: bf7c407c2cedff20999df2af8eb42d56 -> 
  custom:audio-encoder-webm-vorbis: bf7c407c2cedff20999df2af8eb42d56 -> 
========================================================================
Received Import Request.
  path: Assets/Baracuda
  artifactKey: Guid(8be0d393c178e7548bed319ba9cd2dc1) Importer(815301076,1909f56bfc062723c751e8b465ee728b)
Start importing Assets/Baracuda using Guid(8be0d393c178e7548bed319ba9cd2dc1) Importer(815301076,1909f56bfc062723c751e8b465ee728b)  -> (artifact id: 'e4cc2767f0d7edb85b72b63f4a2c4d84') in 0.007558 seconds 
  Import took 0.010304 seconds .

========================================================================
Received Prepare
Registering precompiled user dll's ...
Registered in 0.002857 seconds.
ASSEMBLY OVERRIDES: * override found for Unity assembly UnityEngine.UIElementsModule.dll (override path Library/ScriptAssemblies/UnityEngine.UIElementsModule.dll)
ASSEMBLY OVERRIDES: * override found for Unity assembly UnityEditor.UIElementsModule.dll (override path Library/ScriptAssemblies/UnityEditor.UIElementsModule.dll)
ASSEMBLY OVERRIDES: * override found for Unity assembly UnityEngine.UIElementsModule.dll (override path Library/ScriptAssemblies/UnityEngine.UIElementsModule.dll)
ASSEMBLY OVERRIDES: * override found for Unity assembly UnityEditor.UIElementsModule.dll (override path Library/ScriptAssemblies/UnityEditor.UIElementsModule.dll)
Begin MonoManager ReloadAssembly
ASSEMBLY OVERRIDES: * override found for Unity assembly UnityEngine.UIElementsModule.dll (override path Library/ScriptAssemblies/UnityEngine.UIElementsModule.dll)
ASSEMBLY OVERRIDES: * override found for Unity assembly UnityEditor.UIElementsModule.dll (override path Library/ScriptAssemblies/UnityEditor.UIElementsModule.dll)
Symbol file LoadedFromMemory is not a mono symbol file
Native extension for WindowsStandalone target not found
Refreshing native plugins compatible for Editor in 1.19 ms, found 2 plugins.
Preloading 0 native plugins for Editor in 0.00 ms.
ASSEMBLY OVERRIDES: * override found for Unity assembly UnityEngine.UIElementsModule.dll (override path Library/ScriptAssemblies/UnityEngine.UIElementsModule.dll)
ASSEMBLY OVERRIDES: * override found for Unity assembly UnityEditor.UIElementsModule.dll (override path Library/ScriptAssemblies/UnityEditor.UIElementsModule.dll)
Adding [<color=#4babeb>MONITORING_DEBUG</color>] to Scripting Define Symbols
UnityEngine.StackTraceUtility:ExtractStackTrace ()
UnityEngine.DebugLogHandler:LogFormat (UnityEngine.LogType,UnityEngine.Object,string,object[])
UnityEngine.Logger:Log (UnityEngine.LogType,object)
UnityEngine.Debug:Log (object)
Baracuda.PreprocessorDefinitionFiles.Utilities.PreprocessorDefineUtilities:SetCustomDefinesOfActiveTargetGroup (System.Collections.Generic.IEnumerable`1<string>,System.Collections.Generic.IEnumerable`1<string>,System.Collections.Generic.IEnumerable`1<string>) (at Assets/Baracuda/PreprocessorDefinitionFiles/Scripts/Utilities/PreprocessorDefineUtilities.cs:277)
Baracuda.PreprocessorDefinitionFiles.PreprocessorSymbolDefinitionFile:ApplyPreprocessorDefines () (at Assets/Baracuda/PreprocessorDefinitionFiles/Scripts/PreprocessorSymbolDefinitionFile.cs:97)
Baracuda.PreprocessorDefinitionFiles.Utilities.PreprocessorDefineUtilities:ApplyAndUpdateAllDefinitionFiles () (at Assets/Baracuda/PreprocessorDefinitionFiles/Scripts/Utilities/PreprocessorDefineUtilities.cs:313)
Baracuda.PreprocessorDefinitionFiles.AssetProcessor.SymbolFileImportProcessor:Initialize () (at Assets/Baracuda/PreprocessorDefinitionFiles/Scripts/AssetProcessor/SymbolFileImportProcessor.cs:24)
System.Reflection.MonoMethod:Invoke (object,System.Reflection.BindingFlags,System.Reflection.Binder,object[],System.Globalization.CultureInfo)
System.Reflection.MethodBase:Invoke (object,object[])
UnityEditor.EditorAssemblies:ProcessInitializeOnLoadMethodAttributes ()

(Filename: Assets/Baracuda/PreprocessorDefinitionFiles/Scripts/Utilities/PreprocessorDefineUtilities.cs Line: 277)

Adding [<color=#4babeb>BARACUDA_MONITORING</color>] to Scripting Define Symbols
UnityEngine.StackTraceUtility:ExtractStackTrace ()
UnityEngine.DebugLogHandler:LogFormat (UnityEngine.LogType,UnityEngine.Object,string,object[])
UnityEngine.Logger:Log (UnityEngine.LogType,object)
UnityEngine.Debug:Log (object)
Baracuda.PreprocessorDefinitionFiles.Utilities.PreprocessorDefineUtilities:SetCustomDefinesOfActiveTargetGroup (System.Collections.Generic.IEnumerable`1<string>,System.Collections.Generic.IEnumerable`1<string>,System.Collections.Generic.IEnumerable`1<string>) (at Assets/Baracuda/PreprocessorDefinitionFiles/Scripts/Utilities/PreprocessorDefineUtilities.cs:277)
Baracuda.PreprocessorDefinitionFiles.PreprocessorSymbolDefinitionFile:ApplyPreprocessorDefines () (at Assets/Baracuda/PreprocessorDefinitionFiles/Scripts/PreprocessorSymbolDefinitionFile.cs:97)
Baracuda.PreprocessorDefinitionFiles.Utilities.PreprocessorDefineUtilities:ApplyAndUpdateAllDefinitionFiles () (at Assets/Baracuda/PreprocessorDefinitionFiles/Scripts/Utilities/PreprocessorDefineUtilities.cs:313)
Baracuda.PreprocessorDefinitionFiles.AssetProcessor.SymbolFileImportProcessor:Initialize () (at Assets/Baracuda/PreprocessorDefinitionFiles/Scripts/AssetProcessor/SymbolFileImportProcessor.cs:24)
System.Reflection.MonoMethod:Invoke (object,System.Reflection.BindingFlags,System.Reflection.Binder,object[],System.Globalization.CultureInfo)
System.Reflection.MethodBase:Invoke (object,object[])
UnityEditor.EditorAssemblies:ProcessInitializeOnLoadMethodAttributes ()

(Filename: Assets/Baracuda/PreprocessorDefinitionFiles/Scripts/Utilities/PreprocessorDefineUtilities.cs Line: 277)

[ScriptCompilation] NOT recompiling all scripts because this is an import worker process. Reason to compile was: Define symbols changed
Adding [<color=#4babeb>ENFORCETHREADSAFETY</color>] to Scripting Define Symbols
UnityEngine.StackTraceUtility:ExtractStackTrace ()
UnityEngine.DebugLogHandler:LogFormat (UnityEngine.LogType,UnityEngine.Object,string,object[])
UnityEngine.Logger:Log (UnityEngine.LogType,object)
UnityEngine.Debug:Log (object)
Baracuda.PreprocessorDefinitionFiles.Utilities.PreprocessorDefineUtilities:SetCustomDefinesOfActiveTargetGroup (System.Collections.Generic.IEnumerable`1<string>,System.Collections.Generic.IEnumerable`1<string>,System.Collections.Generic.IEnumerable`1<string>) (at Assets/Baracuda/PreprocessorDefinitionFiles/Scripts/Utilities/PreprocessorDefineUtilities.cs:277)
Baracuda.PreprocessorDefinitionFiles.PreprocessorSymbolDefinitionFile:ApplyPreprocessorDefines () (at Assets/Baracuda/PreprocessorDefinitionFiles/Scripts/PreprocessorSymbolDefinitionFile.cs:97)
Baracuda.PreprocessorDefinitionFiles.Utilities.PreprocessorDefineUtilities:ApplyAndUpdateAllDefinitionFiles () (at Assets/Baracuda/PreprocessorDefinitionFiles/Scripts/Utilities/PreprocessorDefineUtilities.cs:313)
Baracuda.PreprocessorDefinitionFiles.AssetProcessor.SymbolFileImportProcessor:Initialize () (at Assets/Baracuda/PreprocessorDefinitionFiles/Scripts/AssetProcessor/SymbolFileImportProcessor.cs:24)
System.Reflection.MonoMethod:Invoke (object,System.Reflection.BindingFlags,System.Reflection.Binder,object[],System.Globalization.CultureInfo)
System.Reflection.MethodBase:Invoke (object,object[])
UnityEditor.EditorAssemblies:ProcessInitializeOnLoadMethodAttributes ()

(Filename: Assets/Baracuda/PreprocessorDefinitionFiles/Scripts/Utilities/PreprocessorDefineUtilities.cs Line: 277)

Adding [<color=#4babeb>JETBRAINS_ANNOTATIONS</color>] to Scripting Define Symbols
UnityEngine.StackTraceUtility:ExtractStackTrace ()
UnityEngine.DebugLogHandler:LogFormat (UnityEngine.LogType,UnityEngine.Object,string,object[])
UnityEngine.Logger:Log (UnityEngine.LogType,object)
UnityEngine.Debug:Log (object)
Baracuda.PreprocessorDefinitionFiles.Utilities.PreprocessorDefineUtilities:SetCustomDefinesOfActiveTargetGroup (System.Collections.Generic.IEnumerable`1<string>,System.Collections.Generic.IEnumerable`1<string>,System.Collections.Generic.IEnumerable`1<string>) (at Assets/Baracuda/PreprocessorDefinitionFiles/Scripts/Utilities/PreprocessorDefineUtilities.cs:277)
Baracuda.PreprocessorDefinitionFiles.PreprocessorSymbolDefinitionFile:ApplyPreprocessorDefines () (at Assets/Baracuda/PreprocessorDefinitionFiles/Scripts/PreprocessorSymbolDefinitionFile.cs:97)
Baracuda.PreprocessorDefinitionFiles.Utilities.PreprocessorDefineUtilities:ApplyAndUpdateAllDefinitionFiles () (at Assets/Baracuda/PreprocessorDefinitionFiles/Scripts/Utilities/PreprocessorDefineUtilities.cs:313)
Baracuda.PreprocessorDefinitionFiles.AssetProcessor.SymbolFileImportProcessor:Initialize () (at Assets/Baracuda/PreprocessorDefinitionFiles/Scripts/AssetProcessor/SymbolFileImportProcessor.cs:24)
System.Reflection.MonoMethod:Invoke (object,System.Reflection.BindingFlags,System.Reflection.Binder,object[],System.Globalization.CultureInfo)
System.Reflection.MethodBase:Invoke (object,object[])
UnityEditor.EditorAssemblies:ProcessInitializeOnLoadMethodAttributes ()

(Filename: Assets/Baracuda/PreprocessorDefinitionFiles/Scripts/Utilities/PreprocessorDefineUtilities.cs Line: 277)

[ScriptCompilation] NOT recompiling all scripts because this is an import worker process. Reason to compile was: Define symbols changed
Adding [<color=#4babeb>PPSDF</color>] to Scripting Define Symbols
UnityEngine.StackTraceUtility:ExtractStackTrace ()
UnityEngine.DebugLogHandler:LogFormat (UnityEngine.LogType,UnityEngine.Object,string,object[])
UnityEngine.Logger:Log (UnityEngine.LogType,object)
UnityEngine.Debug:Log (object)
Baracuda.PreprocessorDefinitionFiles.Utilities.PreprocessorDefineUtilities:SetCustomDefinesOfActiveTargetGroup (System.Collections.Generic.IEnumerable`1<string>,System.Collections.Generic.IEnumerable`1<string>,System.Collections.Generic.IEnumerable`1<string>) (at Assets/Baracuda/PreprocessorDefinitionFiles/Scripts/Utilities/PreprocessorDefineUtilities.cs:277)
Baracuda.PreprocessorDefinitionFiles.PreprocessorSymbolDefinitionFile:ApplyPreprocessorDefines () (at Assets/Baracuda/PreprocessorDefinitionFiles/Scripts/PreprocessorSymbolDefinitionFile.cs:97)
Baracuda.PreprocessorDefinitionFiles.Utilities.PreprocessorDefineUtilities:ApplyAndUpdateAllDefinitionFiles () (at Assets/Baracuda/PreprocessorDefinitionFiles/Scripts/Utilities/PreprocessorDefineUtilities.cs:313)
Baracuda.PreprocessorDefinitionFiles.AssetProcessor.SymbolFileImportProcessor:Initialize () (at Assets/Baracuda/PreprocessorDefinitionFiles/Scripts/AssetProcessor/SymbolFileImportProcessor.cs:24)
System.Reflection.MonoMethod:Invoke (object,System.Reflection.BindingFlags,System.Reflection.Binder,object[],System.Globalization.CultureInfo)
System.Reflection.MethodBase:Invoke (object,object[])
UnityEditor.EditorAssemblies:ProcessInitializeOnLoadMethodAttributes ()

(Filename: Assets/Baracuda/PreprocessorDefinitionFiles/Scripts/Utilities/PreprocessorDefineUtilities.cs Line: 277)

[ScriptCompilation] NOT recompiling all scripts because this is an import worker process. Reason to compile was: Define symbols changed
Adding [<color=#4babeb>DISPATCHER_DEBUG</color>] to Scripting Define Symbols
UnityEngine.StackTraceUtility:ExtractStackTrace ()
UnityEngine.DebugLogHandler:LogFormat (UnityEngine.LogType,UnityEngine.Object,string,object[])
UnityEngine.Logger:Log (UnityEngine.LogType,object)
UnityEngine.Debug:Log (object)
Baracuda.PreprocessorDefinitionFiles.Utilities.PreprocessorDefineUtilities:SetCustomDefinesOfActiveTargetGroup (System.Collections.Generic.IEnumerable`1<string>,System.Collections.Generic.IEnumerable`1<string>,System.Collections.Generic.IEnumerable`1<string>) (at Assets/Baracuda/PreprocessorDefinitionFiles/Scripts/Utilities/PreprocessorDefineUtilities.cs:277)
Baracuda.PreprocessorDefinitionFiles.PreprocessorSymbolDefinitionFile:ApplyPreprocessorDefines () (at Assets/Baracuda/PreprocessorDefinitionFiles/Scripts/PreprocessorSymbolDefinitionFile.cs:97)
Baracuda.PreprocessorDefinitionFiles.Utilities.PreprocessorDefineUtilities:ApplyAndUpdateAllDefinitionFiles () (at Assets/Baracuda/PreprocessorDefinitionFiles/Scripts/Utilities/PreprocessorDefineUtilities.cs:313)
Baracuda.PreprocessorDefinitionFiles.AssetProcessor.SymbolFileImportProcessor:Initialize () (at Assets/Baracuda/PreprocessorDefinitionFiles/Scripts/AssetProcessor/SymbolFileImportProcessor.cs:24)
System.Reflection.MonoMethod:Invoke (object,System.Reflection.BindingFlags,System.Reflection.Binder,object[],System.Globalization.CultureInfo)
System.Reflection.MethodBase:Invoke (object,object[])
UnityEditor.EditorAssemblies:ProcessInitializeOnLoadMethodAttributes ()

(Filename: Assets/Baracuda/PreprocessorDefinitionFiles/Scripts/Utilities/PreprocessorDefineUtilities.cs Line: 277)

[ScriptCompilation] NOT recompiling all scripts because this is an import worker process. Reason to compile was: Define symbols changed
ASSEMBLY OVERRIDES: * override found for Unity assembly UnityEngine.UIElementsModule.dll (override path Library/ScriptAssemblies/UnityEngine.UIElementsModule.dll)
ASSEMBLY OVERRIDES: * override found for Unity assembly UnityEditor.UIElementsModule.dll (override path Library/ScriptAssemblies/UnityEditor.UIElementsModule.dll)
Mono: successfully reloaded assembly
- Completed reload, in  1.024 seconds
Domain Reload Profiling:
	ReloadAssembly (1024ms)
		BeginReloadAssembly (101ms)
			ExecutionOrderSort (0ms)
			DisableScriptedObjects (4ms)
			BackupInstance (0ms)
			ReleaseScriptingObjects (0ms)
			CreateAndSetChildDomain (32ms)
		EndReloadAssembly (876ms)
			LoadAssemblies (68ms)
			RebuildTransferFunctionScriptingTraits (0ms)
			SetupTypeCache (243ms)
			ReleaseScriptCaches (1ms)
			RebuildScriptCaches (45ms)
			SetupLoadedEditorAssemblies (380ms)
				LogAssemblyErrors (0ms)
				InitializePlatformSupportModulesInManaged (6ms)
				SetLoadedEditorAssemblies (1ms)
				RefreshPlugins (1ms)
				BeforeProcessingInitializeOnLoad (120ms)
				ProcessInitializeOnLoadAttributes (189ms)
				ProcessInitializeOnLoadMethodAttributes (61ms)
				AfterProcessingInitializeOnLoad (2ms)
				EditorAssembliesLoaded (0ms)
			ExecutionOrderSort2 (0ms)
			AwakeInstancesAfterBackupRestoration (5ms)
Platform modules already initialized, skipping
Refreshing native plugins compatible for Editor in 0.47 ms, found 2 plugins.
Preloading 0 native plugins for Editor in 0.00 ms.
Unloading 2156 Unused Serialized files (Serialized files now loaded: 0)
System memory in use before: 91.5 MB.
System memory in use after: 91.6 MB.

Unloading 110 unused Assets to reduce memory usage. Loaded Objects now: 2517.
Total: 3.268700 ms (FindLiveObjects: 0.185600 ms CreateObjectMapping: 0.071900 ms MarkObjects: 2.524700 ms  DeleteObjects: 0.485600 ms)

AssetImportParameters requested are different than current active one (requested -> active):
  custom:framework-win-MediaFoundation: 216162199b28c13a410421893ffa2e32 -> 
  custom:video-decoder-ogg-theora: a1e56fd34408186e4bbccfd4996cb3dc -> 
  custom:container-muxer-webm: aa71ff27fc2769a1b78a27578f13a17b -> 
  custom:container-demuxer-webm: 4f35f7cbe854078d1ac9338744f61a02 -> 
  custom:container-demuxer-ogg: 62fdf1f143b41e24485cea50d1cbac27 -> 
  custom:video-encoder-webm-vp8: eb34c28f22e8b96e1ab97ce403110664 -> 
  custom:video-decoder-webm-vp8: 9c59270c3fd7afecdb556c50c9e8de78 -> 
  custom:audio-decoder-ogg-vorbis: bf7c407c2cedff20999df2af8eb42d56 -> 
  custom:audio-encoder-webm-vorbis: bf7c407c2cedff20999df2af8eb42d56 -> 
========================================================================
Received Prepare
Registering precompiled user dll's ...
Registered in 0.002799 seconds.
ASSEMBLY OVERRIDES: * override found for Unity assembly UnityEngine.UIElementsModule.dll (override path Library/ScriptAssemblies/UnityEngine.UIElementsModule.dll)
ASSEMBLY OVERRIDES: * override found for Unity assembly UnityEditor.UIElementsModule.dll (override path Library/ScriptAssemblies/UnityEditor.UIElementsModule.dll)
ASSEMBLY OVERRIDES: * override found for Unity assembly UnityEngine.UIElementsModule.dll (override path Library/ScriptAssemblies/UnityEngine.UIElementsModule.dll)
ASSEMBLY OVERRIDES: * override found for Unity assembly UnityEditor.UIElementsModule.dll (override path Library/ScriptAssemblies/UnityEditor.UIElementsModule.dll)
Begin MonoManager ReloadAssembly
ASSEMBLY OVERRIDES: * override found for Unity assembly UnityEngine.UIElementsModule.dll (override path Library/ScriptAssemblies/UnityEngine.UIElementsModule.dll)
ASSEMBLY OVERRIDES: * override found for Unity assembly UnityEditor.UIElementsModule.dll (override path Library/ScriptAssemblies/UnityEditor.UIElementsModule.dll)
Symbol file LoadedFromMemory is not a mono symbol file
Native extension for WindowsStandalone target not found
Refreshing native plugins compatible for Editor in 0.48 ms, found 2 plugins.
Preloading 0 native plugins for Editor in 0.00 ms.
ASSEMBLY OVERRIDES: * override found for Unity assembly UnityEngine.UIElementsModule.dll (override path Library/ScriptAssemblies/UnityEngine.UIElementsModule.dll)
ASSEMBLY OVERRIDES: * override found for Unity assembly UnityEditor.UIElementsModule.dll (override path Library/ScriptAssemblies/UnityEditor.UIElementsModule.dll)
ASSEMBLY OVERRIDES: * override found for Unity assembly UnityEngine.UIElementsModule.dll (override path Library/ScriptAssemblies/UnityEngine.UIElementsModule.dll)
ASSEMBLY OVERRIDES: * override found for Unity assembly UnityEditor.UIElementsModule.dll (override path Library/ScriptAssemblies/UnityEditor.UIElementsModule.dll)
Mono: successfully reloaded assembly
- Completed reload, in  0.876 seconds
Domain Reload Profiling:
	ReloadAssembly (877ms)
		BeginReloadAssembly (98ms)
			ExecutionOrderSort (0ms)
			DisableScriptedObjects (4ms)
			BackupInstance (0ms)
			ReleaseScriptingObjects (0ms)
			CreateAndSetChildDomain (32ms)
		EndReloadAssembly (726ms)
			LoadAssemblies (68ms)
			RebuildTransferFunctionScriptingTraits (0ms)
			SetupTypeCache (241ms)
			ReleaseScriptCaches (1ms)
			RebuildScriptCaches (37ms)
			SetupLoadedEditorAssemblies (301ms)
				LogAssemblyErrors (0ms)
				InitializePlatformSupportModulesInManaged (4ms)
				SetLoadedEditorAssemblies (0ms)
				RefreshPlugins (1ms)
				BeforeProcessingInitializeOnLoad (77ms)
				ProcessInitializeOnLoadAttributes (164ms)
				ProcessInitializeOnLoadMethodAttributes (52ms)
				AfterProcessingInitializeOnLoad (2ms)
				EditorAssembliesLoaded (0ms)
			ExecutionOrderSort2 (0ms)
			AwakeInstancesAfterBackupRestoration (6ms)
Platform modules already initialized, skipping
Refreshing native plugins compatible for Editor in 0.47 ms, found 2 plugins.
Preloading 0 native plugins for Editor in 0.00 ms.
Unloading 2156 Unused Serialized files (Serialized files now loaded: 0)
System memory in use before: 91.5 MB.
System memory in use after: 91.6 MB.

Unloading 110 unused Assets to reduce memory usage. Loaded Objects now: 2519.
Total: 3.335500 ms (FindLiveObjects: 0.230500 ms CreateObjectMapping: 0.160200 ms MarkObjects: 2.479400 ms  DeleteObjects: 0.464600 ms)

AssetImportParameters requested are different than current active one (requested -> active):
  custom:framework-win-MediaFoundation: 216162199b28c13a410421893ffa2e32 -> 
  custom:video-decoder-ogg-theora: a1e56fd34408186e4bbccfd4996cb3dc -> 
  custom:container-muxer-webm: aa71ff27fc2769a1b78a27578f13a17b -> 
  custom:container-demuxer-webm: 4f35f7cbe854078d1ac9338744f61a02 -> 
  custom:container-demuxer-ogg: 62fdf1f143b41e24485cea50d1cbac27 -> 
  custom:video-encoder-webm-vp8: eb34c28f22e8b96e1ab97ce403110664 -> 
  custom:video-decoder-webm-vp8: 9c59270c3fd7afecdb556c50c9e8de78 -> 
  custom:audio-decoder-ogg-vorbis: bf7c407c2cedff20999df2af8eb42d56 -> 
  custom:audio-encoder-webm-vorbis: bf7c407c2cedff20999df2af8eb42d56 -> 
========================================================================
Received Import Request.
  Time since last request: 20.978795 seconds.
  path: Assets/Scenes
  artifactKey: Guid(5af4e212249b9bd479c317c2b073dc71) Importer(815301076,1909f56bfc062723c751e8b465ee728b)
Start importing Assets/Scenes using Guid(5af4e212249b9bd479c317c2b073dc71) Importer(815301076,1909f56bfc062723c751e8b465ee728b)  -> (artifact id: 'a4a2655990202740d3a1f1bc45170ce7') in 0.007414 seconds 
  Import took 0.010181 seconds .

========================================================================
Received Prepare
Registering precompiled user dll's ...
Registered in 0.002826 seconds.
ASSEMBLY OVERRIDES: * override found for Unity assembly UnityEngine.UIElementsModule.dll (override path Library/ScriptAssemblies/UnityEngine.UIElementsModule.dll)
ASSEMBLY OVERRIDES: * override found for Unity assembly UnityEditor.UIElementsModule.dll (override path Library/ScriptAssemblies/UnityEditor.UIElementsModule.dll)
ASSEMBLY OVERRIDES: * override found for Unity assembly UnityEngine.UIElementsModule.dll (override path Library/ScriptAssemblies/UnityEngine.UIElementsModule.dll)
ASSEMBLY OVERRIDES: * override found for Unity assembly UnityEditor.UIElementsModule.dll (override path Library/ScriptAssemblies/UnityEditor.UIElementsModule.dll)
Begin MonoManager ReloadAssembly
ASSEMBLY OVERRIDES: * override found for Unity assembly UnityEngine.UIElementsModule.dll (override path Library/ScriptAssemblies/UnityEngine.UIElementsModule.dll)
ASSEMBLY OVERRIDES: * override found for Unity assembly UnityEditor.UIElementsModule.dll (override path Library/ScriptAssemblies/UnityEditor.UIElementsModule.dll)
Symbol file LoadedFromMemory is not a mono symbol file
Native extension for WindowsStandalone target not found
Refreshing native plugins compatible for Editor in 0.49 ms, found 2 plugins.
Preloading 0 native plugins for Editor in 0.00 ms.
ASSEMBLY OVERRIDES: * override found for Unity assembly UnityEngine.UIElementsModule.dll (override path Library/ScriptAssemblies/UnityEngine.UIElementsModule.dll)
ASSEMBLY OVERRIDES: * override found for Unity assembly UnityEditor.UIElementsModule.dll (override path Library/ScriptAssemblies/UnityEditor.UIElementsModule.dll)
ASSEMBLY OVERRIDES: * override found for Unity assembly UnityEngine.UIElementsModule.dll (override path Library/ScriptAssemblies/UnityEngine.UIElementsModule.dll)
ASSEMBLY OVERRIDES: * override found for Unity assembly UnityEditor.UIElementsModule.dll (override path Library/ScriptAssemblies/UnityEditor.UIElementsModule.dll)
Mono: successfully reloaded assembly
- Completed reload, in  0.855 seconds
Domain Reload Profiling:
	ReloadAssembly (856ms)
		BeginReloadAssembly (93ms)
			ExecutionOrderSort (0ms)
			DisableScriptedObjects (4ms)
			BackupInstance (0ms)
			ReleaseScriptingObjects (0ms)
			CreateAndSetChildDomain (32ms)
		EndReloadAssembly (717ms)
			LoadAssemblies (69ms)
			RebuildTransferFunctionScriptingTraits (0ms)
			SetupTypeCache (232ms)
			ReleaseScriptCaches (1ms)
			RebuildScriptCaches (37ms)
			SetupLoadedEditorAssemblies (301ms)
				LogAssemblyErrors (0ms)
				InitializePlatformSupportModulesInManaged (4ms)
				SetLoadedEditorAssemblies (0ms)
				RefreshPlugins (1ms)
				BeforeProcessingInitializeOnLoad (77ms)
				ProcessInitializeOnLoadAttributes (164ms)
				ProcessInitializeOnLoadMethodAttributes (53ms)
				AfterProcessingInitializeOnLoad (2ms)
				EditorAssembliesLoaded (0ms)
			ExecutionOrderSort2 (0ms)
			AwakeInstancesAfterBackupRestoration (6ms)
Platform modules already initialized, skipping
Refreshing native plugins compatible for Editor in 0.45 ms, found 2 plugins.
Preloading 0 native plugins for Editor in 0.00 ms.
Unloading 2156 Unused Serialized files (Serialized files now loaded: 0)
System memory in use before: 91.6 MB.
System memory in use after: 91.7 MB.

Unloading 110 unused Assets to reduce memory usage. Loaded Objects now: 2521.
Total: 3.346800 ms (FindLiveObjects: 0.168300 ms CreateObjectMapping: 0.059000 ms MarkObjects: 2.662500 ms  DeleteObjects: 0.455700 ms)

AssetImportParameters requested are different than current active one (requested -> active):
  custom:framework-win-MediaFoundation: 216162199b28c13a410421893ffa2e32 -> 
  custom:video-decoder-ogg-theora: a1e56fd34408186e4bbccfd4996cb3dc -> 
  custom:container-muxer-webm: aa71ff27fc2769a1b78a27578f13a17b -> 
  custom:container-demuxer-webm: 4f35f7cbe854078d1ac9338744f61a02 -> 
  custom:container-demuxer-ogg: 62fdf1f143b41e24485cea50d1cbac27 -> 
  custom:video-encoder-webm-vp8: eb34c28f22e8b96e1ab97ce403110664 -> 
  custom:video-decoder-webm-vp8: 9c59270c3fd7afecdb556c50c9e8de78 -> 
  custom:audio-decoder-ogg-vorbis: bf7c407c2cedff20999df2af8eb42d56 -> 
  custom:audio-encoder-webm-vorbis: bf7c407c2cedff20999df2af8eb42d56 -> 
========================================================================
Received Prepare
Registering precompiled user dll's ...
Registered in 0.002776 seconds.
ASSEMBLY OVERRIDES: * override found for Unity assembly UnityEngine.UIElementsModule.dll (override path Library/ScriptAssemblies/UnityEngine.UIElementsModule.dll)
ASSEMBLY OVERRIDES: * override found for Unity assembly UnityEditor.UIElementsModule.dll (override path Library/ScriptAssemblies/UnityEditor.UIElementsModule.dll)
ASSEMBLY OVERRIDES: * override found for Unity assembly UnityEngine.UIElementsModule.dll (override path Library/ScriptAssemblies/UnityEngine.UIElementsModule.dll)
ASSEMBLY OVERRIDES: * override found for Unity assembly UnityEditor.UIElementsModule.dll (override path Library/ScriptAssemblies/UnityEditor.UIElementsModule.dll)
Begin MonoManager ReloadAssembly
ASSEMBLY OVERRIDES: * override found for Unity assembly UnityEngine.UIElementsModule.dll (override path Library/ScriptAssemblies/UnityEngine.UIElementsModule.dll)
ASSEMBLY OVERRIDES: * override found for Unity assembly UnityEditor.UIElementsModule.dll (override path Library/ScriptAssemblies/UnityEditor.UIElementsModule.dll)
Symbol file LoadedFromMemory is not a mono symbol file
Native extension for WindowsStandalone target not found
Refreshing native plugins compatible for Editor in 0.45 ms, found 2 plugins.
Preloading 0 native plugins for Editor in 0.00 ms.
ASSEMBLY OVERRIDES: * override found for Unity assembly UnityEngine.UIElementsModule.dll (override path Library/ScriptAssemblies/UnityEngine.UIElementsModule.dll)
ASSEMBLY OVERRIDES: * override found for Unity assembly UnityEditor.UIElementsModule.dll (override path Library/ScriptAssemblies/UnityEditor.UIElementsModule.dll)
ASSEMBLY OVERRIDES: * override found for Unity assembly UnityEngine.UIElementsModule.dll (override path Library/ScriptAssemblies/UnityEngine.UIElementsModule.dll)
ASSEMBLY OVERRIDES: * override found for Unity assembly UnityEditor.UIElementsModule.dll (override path Library/ScriptAssemblies/UnityEditor.UIElementsModule.dll)
Mono: successfully reloaded assembly
- Completed reload, in  0.865 seconds
Domain Reload Profiling:
	ReloadAssembly (865ms)
		BeginReloadAssembly (99ms)
			ExecutionOrderSort (0ms)
			DisableScriptedObjects (4ms)
			BackupInstance (0ms)
			ReleaseScriptingObjects (0ms)
			CreateAndSetChildDomain (30ms)
		EndReloadAssembly (720ms)
			LoadAssemblies (68ms)
			RebuildTransferFunctionScriptingTraits (0ms)
			SetupTypeCache (232ms)
			ReleaseScriptCaches (1ms)
			RebuildScriptCaches (38ms)
			SetupLoadedEditorAssemblies (303ms)
				LogAssemblyErrors (0ms)
				InitializePlatformSupportModulesInManaged (4ms)
				SetLoadedEditorAssemblies (0ms)
				RefreshPlugins (1ms)
				BeforeProcessingInitializeOnLoad (77ms)
				ProcessInitializeOnLoadAttributes (166ms)
				ProcessInitializeOnLoadMethodAttributes (53ms)
				AfterProcessingInitializeOnLoad (2ms)
				EditorAssembliesLoaded (0ms)
			ExecutionOrderSort2 (0ms)
			AwakeInstancesAfterBackupRestoration (6ms)
Platform modules already initialized, skipping
Refreshing native plugins compatible for Editor in 0.46 ms, found 2 plugins.
Preloading 0 native plugins for Editor in 0.00 ms.
Unloading 2156 Unused Serialized files (Serialized files now loaded: 0)
System memory in use before: 91.6 MB.
System memory in use after: 91.7 MB.

Unloading 110 unused Assets to reduce memory usage. Loaded Objects now: 2523.
Total: 3.393300 ms (FindLiveObjects: 0.175800 ms CreateObjectMapping: 0.058200 ms MarkObjects: 2.711300 ms  DeleteObjects: 0.447100 ms)

AssetImportParameters requested are different than current active one (requested -> active):
  custom:framework-win-MediaFoundation: 216162199b28c13a410421893ffa2e32 -> 
  custom:video-decoder-ogg-theora: a1e56fd34408186e4bbccfd4996cb3dc -> 
  custom:container-muxer-webm: aa71ff27fc2769a1b78a27578f13a17b -> 
  custom:container-demuxer-webm: 4f35f7cbe854078d1ac9338744f61a02 -> 
  custom:container-demuxer-ogg: 62fdf1f143b41e24485cea50d1cbac27 -> 
  custom:video-encoder-webm-vp8: eb34c28f22e8b96e1ab97ce403110664 -> 
  custom:video-decoder-webm-vp8: 9c59270c3fd7afecdb556c50c9e8de78 -> 
  custom:audio-decoder-ogg-vorbis: bf7c407c2cedff20999df2af8eb42d56 -> 
  custom:audio-encoder-webm-vorbis: bf7c407c2cedff20999df2af8eb42d56 -> 
========================================================================
Received Prepare
Registering precompiled user dll's ...
Registered in 0.002837 seconds.
ASSEMBLY OVERRIDES: * override found for Unity assembly UnityEngine.UIElementsModule.dll (override path Library/ScriptAssemblies/UnityEngine.UIElementsModule.dll)
ASSEMBLY OVERRIDES: * override found for Unity assembly UnityEditor.UIElementsModule.dll (override path Library/ScriptAssemblies/UnityEditor.UIElementsModule.dll)
ASSEMBLY OVERRIDES: * override found for Unity assembly UnityEngine.UIElementsModule.dll (override path Library/ScriptAssemblies/UnityEngine.UIElementsModule.dll)
ASSEMBLY OVERRIDES: * override found for Unity assembly UnityEditor.UIElementsModule.dll (override path Library/ScriptAssemblies/UnityEditor.UIElementsModule.dll)
Begin MonoManager ReloadAssembly
ASSEMBLY OVERRIDES: * override found for Unity assembly UnityEngine.UIElementsModule.dll (override path Library/ScriptAssemblies/UnityEngine.UIElementsModule.dll)
ASSEMBLY OVERRIDES: * override found for Unity assembly UnityEditor.UIElementsModule.dll (override path Library/ScriptAssemblies/UnityEditor.UIElementsModule.dll)
Symbol file LoadedFromMemory is not a mono symbol file
Native extension for WindowsStandalone target not found
Refreshing native plugins compatible for Editor in 0.49 ms, found 2 plugins.
Preloading 0 native plugins for Editor in 0.00 ms.
ASSEMBLY OVERRIDES: * override found for Unity assembly UnityEngine.UIElementsModule.dll (override path Library/ScriptAssemblies/UnityEngine.UIElementsModule.dll)
ASSEMBLY OVERRIDES: * override found for Unity assembly UnityEditor.UIElementsModule.dll (override path Library/ScriptAssemblies/UnityEditor.UIElementsModule.dll)
ASSEMBLY OVERRIDES: * override found for Unity assembly UnityEngine.UIElementsModule.dll (override path Library/ScriptAssemblies/UnityEngine.UIElementsModule.dll)
ASSEMBLY OVERRIDES: * override found for Unity assembly UnityEditor.UIElementsModule.dll (override path Library/ScriptAssemblies/UnityEditor.UIElementsModule.dll)
Mono: successfully reloaded assembly
- Completed reload, in  0.859 seconds
Domain Reload Profiling:
	ReloadAssembly (860ms)
		BeginReloadAssembly (97ms)
			ExecutionOrderSort (0ms)
			DisableScriptedObjects (4ms)
			BackupInstance (0ms)
			ReleaseScriptingObjects (0ms)
			CreateAndSetChildDomain (32ms)
		EndReloadAssembly (717ms)
			LoadAssemblies (68ms)
			RebuildTransferFunctionScriptingTraits (0ms)
			SetupTypeCache (230ms)
			ReleaseScriptCaches (1ms)
			RebuildScriptCaches (37ms)
			SetupLoadedEditorAssemblies (304ms)
				LogAssemblyErrors (0ms)
				InitializePlatformSupportModulesInManaged (4ms)
				SetLoadedEditorAssemblies (0ms)
				RefreshPlugins (1ms)
				BeforeProcessingInitializeOnLoad (77ms)
				ProcessInitializeOnLoadAttributes (166ms)
				ProcessInitializeOnLoadMethodAttributes (53ms)
				AfterProcessingInitializeOnLoad (2ms)
				EditorAssembliesLoaded (0ms)
			ExecutionOrderSort2 (0ms)
			AwakeInstancesAfterBackupRestoration (6ms)
Platform modules already initialized, skipping
Refreshing native plugins compatible for Editor in 0.47 ms, found 2 plugins.
Preloading 0 native plugins for Editor in 0.00 ms.
Unloading 2156 Unused Serialized files (Serialized files now loaded: 0)
System memory in use before: 91.6 MB.
System memory in use after: 91.7 MB.

Unloading 110 unused Assets to reduce memory usage. Loaded Objects now: 2525.
Total: 3.620100 ms (FindLiveObjects: 0.173900 ms CreateObjectMapping: 0.056400 ms MarkObjects: 2.899900 ms  DeleteObjects: 0.489100 ms)

AssetImportParameters requested are different than current active one (requested -> active):
  custom:framework-win-MediaFoundation: 216162199b28c13a410421893ffa2e32 -> 
  custom:video-decoder-ogg-theora: a1e56fd34408186e4bbccfd4996cb3dc -> 
  custom:container-muxer-webm: aa71ff27fc2769a1b78a27578f13a17b -> 
  custom:container-demuxer-webm: 4f35f7cbe854078d1ac9338744f61a02 -> 
  custom:container-demuxer-ogg: 62fdf1f143b41e24485cea50d1cbac27 -> 
  custom:video-encoder-webm-vp8: eb34c28f22e8b96e1ab97ce403110664 -> 
  custom:video-decoder-webm-vp8: 9c59270c3fd7afecdb556c50c9e8de78 -> 
  custom:audio-decoder-ogg-vorbis: bf7c407c2cedff20999df2af8eb42d56 -> 
  custom:audio-encoder-webm-vorbis: bf7c407c2cedff20999df2af8eb42d56 -> 
AssetImportWorkerClient::OnTransportError - code=2 error=End of file
